-- The C compiler identification is GNU 11.4.0
-- The CXX compiler identification is GNU 11.4.0
-- Detecting C compiler ABI info
-- Detecting C compiler ABI info - done
-- Check for working C compiler: /usr/bin/cc - skipped
-- Detecting C compile features
-- Detecting C compile features - done
-- Detecting CXX compiler ABI info
-- Detecting CXX compiler ABI info - done
-- Check for working CXX compiler: /usr/bin/c++ - skipped
-- Detecting CXX compile features
-- Detecting CXX compile features - done
-- Found ament_cmake: 1.3.14 (/opt/ros/humble/share/ament_cmake/cmake)
-- Found Python3: /usr/bin/python3 (found version "3.10.12") found components: Interpreter 
-- Found rclcpp: 16.0.19 (/opt/ros/humble/share/rclcpp/cmake)
-- Found rosidl_generator_c: 3.1.8 (/opt/ros/humble/share/rosidl_generator_c/cmake)
-- Found rosidl_adapter: 3.1.8 (/opt/ros/humble/share/rosidl_adapter/cmake)
-- Found rosidl_generator_cpp: 3.1.8 (/opt/ros/humble/share/rosidl_generator_cpp/cmake)
-- Using all available rosidl_typesupport_c: rosidl_typesupport_fastrtps_c;rosidl_typesupport_introspection_c
-- Using all available rosidl_typesupport_cpp: rosidl_typesupport_fastrtps_cpp;rosidl_typesupport_introspection_cpp
-- Found rmw_implementation_cmake: 6.1.2 (/opt/ros/humble/share/rmw_implementation_cmake/cmake)
-- Found rmw_fastrtps_cpp: 6.2.10 (/opt/ros/humble/share/rmw_fastrtps_cpp/cmake)
-- Found OpenSSL: /usr/lib/x86_64-linux-gnu/libcrypto.so (found version "3.0.2")  
-- Found FastRTPS: /opt/ros/humble/include  
-- Using RMW implementation 'rmw_fastrtps_cpp' as default
-- Looking for pthread.h
-- Looking for pthread.h - found
-- Performing Test CMAKE_HAVE_LIBC_PTHREAD
-- Performing Test CMAKE_HAVE_LIBC_PTHREAD - Success
-- Found Threads: TRUE  
-- Found sensor_msgs: 4.9.1 (/opt/ros/humble/share/sensor_msgs/cmake)
-- Configuring done
-- Generating done
-- Build files have been written to: /mnt/c/Users/User/Documents/Ninni_Robot_Arm/Ninni_Robor_Arm/build/ninni_robot_arm
[ 50%] [32mBuilding CXX object CMakeFiles/arm_rotator.dir/src/arm_rotator.cpp.o[0m
[100%] [32m[1mLinking CXX executable arm_rotator[0m
[100%] Built target arm_rotator
-- Install configuration: ""
-- Installing: /mnt/c/Users/User/Documents/Ninni_Robot_Arm/Ninni_Robor_Arm/install/ninni_robot_arm/lib/ninni_robot_arm/arm_rotator
-- Set runtime path of "/mnt/c/Users/User/Documents/Ninni_Robot_Arm/Ninni_Robor_Arm/install/ninni_robot_arm/lib/ninni_robot_arm/arm_rotator" to ""
-- Installing: /mnt/c/Users/User/Documents/Ninni_Robot_Arm/Ninni_Robor_Arm/install/ninni_robot_arm/share/ninni_robot_arm/urdf
-- Installing: /mnt/c/Users/User/Documents/Ninni_Robot_Arm/Ninni_Robor_Arm/install/ninni_robot_arm/share/ninni_robot_arm/urdf/ninni_robot_arm.urdf
-- Installing: /mnt/c/Users/User/Documents/Ninni_Robot_Arm/Ninni_Robor_Arm/install/ninni_robot_arm/share/ninni_robot_arm/launch
-- Installing: /mnt/c/Users/User/Documents/Ninni_Robot_Arm/Ninni_Robor_Arm/install/ninni_robot_arm/share/ninni_robot_arm/launch/.gitkeep
-- Installing: /mnt/c/Users/User/Documents/Ninni_Robot_Arm/Ninni_Robor_Arm/install/ninni_robot_arm/share/ninni_robot_arm/config
-- Installing: /mnt/c/Users/User/Documents/Ninni_Robot_Arm/Ninni_Robor_Arm/install/ninni_robot_arm/share/ninni_robot_arm/config/.gitkeep
-- Installing: /mnt/c/Users/User/Documents/Ninni_Robot_Arm/Ninni_Robor_Arm/install/ninni_robot_arm/share/ninni_robot_arm/rviz
-- Installing: /mnt/c/Users/User/Documents/Ninni_Robot_Arm/Ninni_Robor_Arm/install/ninni_robot_arm/share/ninni_robot_arm/rviz/arm_view.rviz
-- Installing: /mnt/c/Users/User/Documents/Ninni_Robot_Arm/Ninni_Robor_Arm/install/ninni_robot_arm/share/ament_index/resource_index/package_run_dependencies/ninni_robot_arm
-- Installing: /mnt/c/Users/User/Documents/Ninni_Robot_Arm/Ninni_Robor_Arm/install/ninni_robot_arm/share/ament_index/resource_index/parent_prefix_path/ninni_robot_arm
-- Installing: /mnt/c/Users/User/Documents/Ninni_Robot_Arm/Ninni_Robor_Arm/install/ninni_robot_arm/share/ninni_robot_arm/environment/ament_prefix_path.sh
-- Installing: /mnt/c/Users/User/Documents/Ninni_Robot_Arm/Ninni_Robor_Arm/install/ninni_robot_arm/share/ninni_robot_arm/environment/ament_prefix_path.dsv
-- Installing: /mnt/c/Users/User/Documents/Ninni_Robot_Arm/Ninni_Robor_Arm/install/ninni_robot_arm/share/ninni_robot_arm/environment/path.sh
-- Installing: /mnt/c/Users/User/Documents/Ninni_Robot_Arm/Ninni_Robor_Arm/install/ninni_robot_arm/share/ninni_robot_arm/environment/path.dsv
-- Installing: /mnt/c/Users/User/Documents/Ninni_Robot_Arm/Ninni_Robor_Arm/install/ninni_robot_arm/share/ninni_robot_arm/local_setup.bash
-- Installing: /mnt/c/Users/User/Documents/Ninni_Robot_Arm/Ninni_Robor_Arm/install/ninni_robot_arm/share/ninni_robot_arm/local_setup.sh
-- Installing: /mnt/c/Users/User/Documents/Ninni_Robot_Arm/Ninni_Robor_Arm/install/ninni_robot_arm/share/ninni_robot_arm/local_setup.zsh
-- Installing: /mnt/c/Users/User/Documents/Ninni_Robot_Arm/Ninni_Robor_Arm/install/ninni_robot_arm/share/ninni_robot_arm/local_setup.dsv
-- Installing: /mnt/c/Users/User/Documents/Ninni_Robot_Arm/Ninni_Robor_Arm/install/ninni_robot_arm/share/ninni_robot_arm/package.dsv
-- Installing: /mnt/c/Users/User/Documents/Ninni_Robot_Arm/Ninni_Robor_Arm/install/ninni_robot_arm/share/ament_index/resource_index/packages/ninni_robot_arm
-- Installing: /mnt/c/Users/User/Documents/Ninni_Robot_Arm/Ninni_Robor_Arm/install/ninni_robot_arm/share/ninni_robot_arm/cmake/ninni_robot_armConfig.cmake
-- Installing: /mnt/c/Users/User/Documents/Ninni_Robot_Arm/Ninni_Robor_Arm/install/ninni_robot_arm/share/ninni_robot_arm/cmake/ninni_robot_armConfig-version.cmake
-- Installing: /mnt/c/Users/User/Documents/Ninni_Robot_Arm/Ninni_Robor_Arm/install/ninni_robot_arm/share/ninni_robot_arm/package.xml
