[0.049s] Invoking command in '/mnt/c/Users/User/Documents/Ninni_Robot_Arm/Ninni_Robor_Arm/build/ninni_robot_arm': CMAKE_PREFIX_PATH=/opt/ros/humble /usr/bin/cmake /mnt/c/Users/User/Documents/Ninni_Robot_Arm/Ninni_Robor_Arm/ninni_robot_arm -DCMAKE_INSTALL_PREFIX=/mnt/c/Users/User/Documents/Ninni_Robot_Arm/Ninni_Robor_Arm/install/ninni_robot_arm
[0.268s] -- The C compiler identification is GNU 11.4.0
[0.594s] -- The CXX compiler identification is GNU 11.4.0
[0.742s] -- Detecting C compiler ABI info
[1.149s] -- Detecting C compiler ABI info - done
[1.169s] -- Check for working C compiler: /usr/bin/cc - skipped
[1.170s] -- Detecting C compile features
[1.172s] -- Detecting C compile features - done
[1.204s] -- Detecting CXX compiler ABI info
[1.569s] -- Detecting CXX compiler ABI info - done
[1.589s] -- Check for working CXX compiler: /usr/bin/c++ - skipped
[1.590s] -- Detecting CXX compile features
[1.591s] -- Detecting CXX compile features - done
[1.627s] -- Found ament_cmake: 1.3.14 (/opt/ros/humble/share/ament_cmake/cmake)
[1.733s] -- Found Python3: /usr/bin/python3 (found version "3.10.12") found components: Interpreter 
[1.870s] -- Found rclcpp: 16.0.19 (/opt/ros/humble/share/rclcpp/cmake)
[1.979s] -- Found rosidl_generator_c: 3.1.8 (/opt/ros/humble/share/rosidl_generator_c/cmake)
[1.984s] -- Found rosidl_adapter: 3.1.8 (/opt/ros/humble/share/rosidl_adapter/cmake)
[1.993s] -- Found rosidl_generator_cpp: 3.1.8 (/opt/ros/humble/share/rosidl_generator_cpp/cmake)
[2.007s] -- Using all available rosidl_typesupport_c: rosidl_typesupport_fastrtps_c;rosidl_typesupport_introspection_c
[2.023s] -- Using all available rosidl_typesupport_cpp: rosidl_typesupport_fastrtps_cpp;rosidl_typesupport_introspection_cpp
[2.067s] -- Found rmw_implementation_cmake: 6.1.2 (/opt/ros/humble/share/rmw_implementation_cmake/cmake)
[2.070s] -- Found rmw_fastrtps_cpp: 6.2.10 (/opt/ros/humble/share/rmw_fastrtps_cpp/cmake)
[2.660s] -- Found OpenSSL: /usr/lib/x86_64-linux-gnu/libcrypto.so (found version "3.0.2")  
[3.304s] -- Found FastRTPS: /opt/ros/humble/include  
[4.471s] -- Using RMW implementation 'rmw_fastrtps_cpp' as default
[4.513s] -- Looking for pthread.h
[4.896s] -- Looking for pthread.h - found
[4.906s] -- Performing Test CMAKE_HAVE_LIBC_PTHREAD
[5.270s] -- Performing Test CMAKE_HAVE_LIBC_PTHREAD - Success
[5.274s] -- Found Threads: TRUE  
[5.326s] -- Found sensor_msgs: 4.9.1 (/opt/ros/humble/share/sensor_msgs/cmake)
[5.671s] -- Configuring done
[5.895s] -- Generating done
[6.086s] -- Build files have been written to: /mnt/c/Users/User/Documents/Ninni_Robot_Arm/Ninni_Robor_Arm/build/ninni_robot_arm
[6.091s] Invoked command in '/mnt/c/Users/User/Documents/Ninni_Robot_Arm/Ninni_Robor_Arm/build/ninni_robot_arm' returned '0': CMAKE_PREFIX_PATH=/opt/ros/humble /usr/bin/cmake /mnt/c/Users/User/Documents/Ninni_Robot_Arm/Ninni_Robor_Arm/ninni_robot_arm -DCMAKE_INSTALL_PREFIX=/mnt/c/Users/User/Documents/Ninni_Robot_Arm/Ninni_Robor_Arm/install/ninni_robot_arm
[6.099s] Invoking command in '/mnt/c/Users/User/Documents/Ninni_Robot_Arm/Ninni_Robor_Arm/build/ninni_robot_arm': CMAKE_PREFIX_PATH=/opt/ros/humble /usr/bin/cmake --build /mnt/c/Users/User/Documents/Ninni_Robot_Arm/Ninni_Robor_Arm/build/ninni_robot_arm -- -j16 -l16
[6.214s] [ 50%] [32mBuilding CXX object CMakeFiles/arm_rotator.dir/src/arm_rotator.cpp.o[0m
[9.799s] [100%] [32m[1mLinking CXX executable arm_rotator[0m
[10.887s] [100%] Built target arm_rotator
[10.904s] Invoked command in '/mnt/c/Users/User/Documents/Ninni_Robot_Arm/Ninni_Robor_Arm/build/ninni_robot_arm' returned '0': CMAKE_PREFIX_PATH=/opt/ros/humble /usr/bin/cmake --build /mnt/c/Users/User/Documents/Ninni_Robot_Arm/Ninni_Robor_Arm/build/ninni_robot_arm -- -j16 -l16
[10.923s] Invoking command in '/mnt/c/Users/User/Documents/Ninni_Robot_Arm/Ninni_Robor_Arm/build/ninni_robot_arm': CMAKE_PREFIX_PATH=/opt/ros/humble /usr/bin/cmake --install /mnt/c/Users/User/Documents/Ninni_Robot_Arm/Ninni_Robor_Arm/build/ninni_robot_arm
[10.929s] -- Install configuration: ""
[10.940s] -- Installing: /mnt/c/Users/User/Documents/Ninni_Robot_Arm/Ninni_Robor_Arm/install/ninni_robot_arm/lib/ninni_robot_arm/arm_rotator
[11.068s] -- Set runtime path of "/mnt/c/Users/User/Documents/Ninni_Robot_Arm/Ninni_Robor_Arm/install/ninni_robot_arm/lib/ninni_robot_arm/arm_rotator" to ""
[11.074s] -- Installing: /mnt/c/Users/User/Documents/Ninni_Robot_Arm/Ninni_Robor_Arm/install/ninni_robot_arm/share/ninni_robot_arm/urdf
[11.093s] -- Installing: /mnt/c/Users/User/Documents/Ninni_Robot_Arm/Ninni_Robor_Arm/install/ninni_robot_arm/share/ninni_robot_arm/urdf/ninni_robot_arm.urdf
[11.131s] -- Installing: /mnt/c/Users/User/Documents/Ninni_Robot_Arm/Ninni_Robor_Arm/install/ninni_robot_arm/share/ninni_robot_arm/launch
[11.148s] -- Installing: /mnt/c/Users/User/Documents/Ninni_Robot_Arm/Ninni_Robor_Arm/install/ninni_robot_arm/share/ninni_robot_arm/launch/.gitkeep
[11.185s] -- Installing: /mnt/c/Users/User/Documents/Ninni_Robot_Arm/Ninni_Robor_Arm/install/ninni_robot_arm/share/ninni_robot_arm/config
[11.202s] -- Installing: /mnt/c/Users/User/Documents/Ninni_Robot_Arm/Ninni_Robor_Arm/install/ninni_robot_arm/share/ninni_robot_arm/config/.gitkeep
[11.237s] -- Installing: /mnt/c/Users/User/Documents/Ninni_Robot_Arm/Ninni_Robor_Arm/install/ninni_robot_arm/share/ninni_robot_arm/rviz
[11.254s] -- Installing: /mnt/c/Users/User/Documents/Ninni_Robot_Arm/Ninni_Robor_Arm/install/ninni_robot_arm/share/ninni_robot_arm/rviz/arm_view.rviz
[11.315s] -- Installing: /mnt/c/Users/User/Documents/Ninni_Robot_Arm/Ninni_Robor_Arm/install/ninni_robot_arm/share/ament_index/resource_index/package_run_dependencies/ninni_robot_arm
[11.384s] -- Installing: /mnt/c/Users/User/Documents/Ninni_Robot_Arm/Ninni_Robor_Arm/install/ninni_robot_arm/share/ament_index/resource_index/parent_prefix_path/ninni_robot_arm
[11.436s] -- Installing: /mnt/c/Users/User/Documents/Ninni_Robot_Arm/Ninni_Robor_Arm/install/ninni_robot_arm/share/ninni_robot_arm/environment/ament_prefix_path.sh
[11.473s] -- Installing: /mnt/c/Users/User/Documents/Ninni_Robot_Arm/Ninni_Robor_Arm/install/ninni_robot_arm/share/ninni_robot_arm/environment/ament_prefix_path.dsv
[11.512s] -- Installing: /mnt/c/Users/User/Documents/Ninni_Robot_Arm/Ninni_Robor_Arm/install/ninni_robot_arm/share/ninni_robot_arm/environment/path.sh
[11.548s] -- Installing: /mnt/c/Users/User/Documents/Ninni_Robot_Arm/Ninni_Robor_Arm/install/ninni_robot_arm/share/ninni_robot_arm/environment/path.dsv
[11.587s] -- Installing: /mnt/c/Users/User/Documents/Ninni_Robot_Arm/Ninni_Robor_Arm/install/ninni_robot_arm/share/ninni_robot_arm/local_setup.bash
[11.624s] -- Installing: /mnt/c/Users/User/Documents/Ninni_Robot_Arm/Ninni_Robor_Arm/install/ninni_robot_arm/share/ninni_robot_arm/local_setup.sh
[11.659s] -- Installing: /mnt/c/Users/User/Documents/Ninni_Robot_Arm/Ninni_Robor_Arm/install/ninni_robot_arm/share/ninni_robot_arm/local_setup.zsh
[11.694s] -- Installing: /mnt/c/Users/User/Documents/Ninni_Robot_Arm/Ninni_Robor_Arm/install/ninni_robot_arm/share/ninni_robot_arm/local_setup.dsv
[11.728s] -- Installing: /mnt/c/Users/User/Documents/Ninni_Robot_Arm/Ninni_Robor_Arm/install/ninni_robot_arm/share/ninni_robot_arm/package.dsv
[11.777s] -- Installing: /mnt/c/Users/User/Documents/Ninni_Robot_Arm/Ninni_Robor_Arm/install/ninni_robot_arm/share/ament_index/resource_index/packages/ninni_robot_arm
[11.839s] -- Installing: /mnt/c/Users/User/Documents/Ninni_Robot_Arm/Ninni_Robor_Arm/install/ninni_robot_arm/share/ninni_robot_arm/cmake/ninni_robot_armConfig.cmake
[11.883s] -- Installing: /mnt/c/Users/User/Documents/Ninni_Robot_Arm/Ninni_Robor_Arm/install/ninni_robot_arm/share/ninni_robot_arm/cmake/ninni_robot_armConfig-version.cmake
[11.925s] -- Installing: /mnt/c/Users/User/Documents/Ninni_Robot_Arm/Ninni_Robor_Arm/install/ninni_robot_arm/share/ninni_robot_arm/package.xml
[11.961s] Invoked command in '/mnt/c/Users/User/Documents/Ninni_Robot_Arm/Ninni_Robor_Arm/build/ninni_robot_arm' returned '0': CMAKE_PREFIX_PATH=/opt/ros/humble /usr/bin/cmake --install /mnt/c/Users/User/Documents/Ninni_Robot_Arm/Ninni_Robor_Arm/build/ninni_robot_arm
