[0.106s] DEBUG:colcon:Command line arguments: ['/usr/bin/colcon', 'build', '--packages-select', 'ninni_robot_arm']
[0.106s] DEBUG:colcon:Parsed command line arguments: Namespace(log_base=None, log_level=None, verb_name='build', build_base='build', install_base='install', merge_install=False, symlink_install=False, test_result_base=None, continue_on_error=False, executor='parallel', parallel_workers=16, event_handlers=None, ignore_user_meta=False, metas=['./colcon.meta'], base_paths=['.'], packages_ignore=None, packages_ignore_regex=None, paths=None, packages_up_to=None, packages_up_to_regex=None, packages_above=None, packages_above_and_dependencies=None, packages_above_depth=None, packages_select_by_dep=None, packages_skip_by_dep=None, packages_skip_up_to=None, packages_select_build_failed=False, packages_skip_build_finished=False, packages_select_test_failures=False, packages_skip_test_passed=False, packages_select=['ninni_robot_arm'], packages_skip=None, packages_select_regex=None, packages_skip_regex=None, packages_start=None, packages_end=None, allow_overriding=[], cmake_args=None, cmake_target=None, cmake_target_skip_unavailable=False, cmake_clean_cache=False, cmake_clean_first=False, cmake_force_configure=False, ament_cmake_args=None, catkin_cmake_args=None, catkin_skip_building_tests=False, verb_parser=<colcon_defaults.argument_parser.defaults.DefaultArgumentsDecorator object at 0x7191cd326fe0>, verb_extension=<colcon_core.verb.build.BuildVerb object at 0x7191cd326aa0>, main=<bound method BuildVerb.main of <colcon_core.verb.build.BuildVerb object at 0x7191cd326aa0>>)
[0.287s] Level 1:colcon.colcon_core.package_discovery:discover_packages(colcon_meta) check parameters
[0.288s] Level 1:colcon.colcon_core.package_discovery:discover_packages(recursive) check parameters
[0.289s] Level 1:colcon.colcon_core.package_discovery:discover_packages(ignore) check parameters
[0.289s] Level 1:colcon.colcon_core.package_discovery:discover_packages(path) check parameters
[0.290s] Level 1:colcon.colcon_core.package_discovery:discover_packages(colcon_meta) discover
[0.290s] Level 1:colcon.colcon_core.package_discovery:discover_packages(recursive) discover
[0.290s] INFO:colcon.colcon_core.package_discovery:Crawling recursively for packages in '/mnt/c/Users/User/Documents/Ninni_Robot_Arm/Ninni_Robor_Arm'
[0.292s] Level 1:colcon.colcon_core.package_identification:_identify(.) by extensions ['ignore', 'ignore_ament_install']
[0.292s] Level 1:colcon.colcon_core.package_identification:_identify(.) by extension 'ignore'
[0.293s] Level 1:colcon.colcon_core.package_identification:_identify(.) by extension 'ignore_ament_install'
[0.293s] Level 1:colcon.colcon_core.package_identification:_identify(.) by extensions ['colcon_pkg']
[0.294s] Level 1:colcon.colcon_core.package_identification:_identify(.) by extension 'colcon_pkg'
[0.294s] Level 1:colcon.colcon_core.package_identification:_identify(.) by extensions ['colcon_meta']
[0.295s] Level 1:colcon.colcon_core.package_identification:_identify(.) by extension 'colcon_meta'
[0.295s] Level 1:colcon.colcon_core.package_identification:_identify(.) by extensions ['ros']
[0.295s] Level 1:colcon.colcon_core.package_identification:_identify(.) by extension 'ros'
[0.306s] Level 1:colcon.colcon_core.package_identification:_identify(.) by extensions ['cmake', 'python']
[0.306s] Level 1:colcon.colcon_core.package_identification:_identify(.) by extension 'cmake'
[0.307s] Level 1:colcon.colcon_core.package_identification:_identify(.) by extension 'python'
[0.307s] Level 1:colcon.colcon_core.package_identification:_identify(.) by extensions ['python_setup_py']
[0.308s] Level 1:colcon.colcon_core.package_identification:_identify(.) by extension 'python_setup_py'
[0.310s] Level 1:colcon.colcon_core.package_identification:_identify(build) by extensions ['ignore', 'ignore_ament_install']
[0.310s] Level 1:colcon.colcon_core.package_identification:_identify(build) by extension 'ignore'
[0.311s] Level 1:colcon.colcon_core.package_identification:_identify(build) ignored
[0.313s] Level 1:colcon.colcon_core.package_identification:_identify(docker) by extensions ['ignore', 'ignore_ament_install']
[0.313s] Level 1:colcon.colcon_core.package_identification:_identify(docker) by extension 'ignore'
[0.314s] Level 1:colcon.colcon_core.package_identification:_identify(docker) by extension 'ignore_ament_install'
[0.315s] Level 1:colcon.colcon_core.package_identification:_identify(docker) by extensions ['colcon_pkg']
[0.315s] Level 1:colcon.colcon_core.package_identification:_identify(docker) by extension 'colcon_pkg'
[0.316s] Level 1:colcon.colcon_core.package_identification:_identify(docker) by extensions ['colcon_meta']
[0.316s] Level 1:colcon.colcon_core.package_identification:_identify(docker) by extension 'colcon_meta'
[0.317s] Level 1:colcon.colcon_core.package_identification:_identify(docker) by extensions ['ros']
[0.317s] Level 1:colcon.colcon_core.package_identification:_identify(docker) by extension 'ros'
[0.320s] Level 1:colcon.colcon_core.package_identification:_identify(docker) by extensions ['cmake', 'python']
[0.320s] Level 1:colcon.colcon_core.package_identification:_identify(docker) by extension 'cmake'
[0.321s] Level 1:colcon.colcon_core.package_identification:_identify(docker) by extension 'python'
[0.322s] Level 1:colcon.colcon_core.package_identification:_identify(docker) by extensions ['python_setup_py']
[0.322s] Level 1:colcon.colcon_core.package_identification:_identify(docker) by extension 'python_setup_py'
[0.324s] Level 1:colcon.colcon_core.package_identification:_identify(install) by extensions ['ignore', 'ignore_ament_install']
[0.325s] Level 1:colcon.colcon_core.package_identification:_identify(install) by extension 'ignore'
[0.326s] Level 1:colcon.colcon_core.package_identification:_identify(install) ignored
[0.329s] Level 1:colcon.colcon_core.package_identification:_identify(log) by extensions ['ignore', 'ignore_ament_install']
[0.329s] Level 1:colcon.colcon_core.package_identification:_identify(log) by extension 'ignore'
[0.330s] Level 1:colcon.colcon_core.package_identification:_identify(log) ignored
[0.332s] Level 1:colcon.colcon_core.package_identification:_identify(ninni_robot_arm) by extensions ['ignore', 'ignore_ament_install']
[0.332s] Level 1:colcon.colcon_core.package_identification:_identify(ninni_robot_arm) by extension 'ignore'
[0.333s] Level 1:colcon.colcon_core.package_identification:_identify(ninni_robot_arm) by extension 'ignore_ament_install'
[0.334s] Level 1:colcon.colcon_core.package_identification:_identify(ninni_robot_arm) by extensions ['colcon_pkg']
[0.334s] Level 1:colcon.colcon_core.package_identification:_identify(ninni_robot_arm) by extension 'colcon_pkg'
[0.335s] Level 1:colcon.colcon_core.package_identification:_identify(ninni_robot_arm) by extensions ['colcon_meta']
[0.335s] Level 1:colcon.colcon_core.package_identification:_identify(ninni_robot_arm) by extension 'colcon_meta'
[0.336s] Level 1:colcon.colcon_core.package_identification:_identify(ninni_robot_arm) by extensions ['ros']
[0.336s] Level 1:colcon.colcon_core.package_identification:_identify(ninni_robot_arm) by extension 'ros'
[0.351s] DEBUG:colcon.colcon_core.package_identification:Package 'ninni_robot_arm' with type 'ros.ament_cmake' and name 'ninni_robot_arm'
[0.352s] Level 1:colcon.colcon_core.package_discovery:discover_packages(recursive) using defaults
[0.352s] Level 1:colcon.colcon_core.package_discovery:discover_packages(ignore) discover
[0.353s] Level 1:colcon.colcon_core.package_discovery:discover_packages(ignore) using defaults
[0.353s] Level 1:colcon.colcon_core.package_discovery:discover_packages(path) discover
[0.353s] Level 1:colcon.colcon_core.package_discovery:discover_packages(path) using defaults
[0.370s] Level 1:colcon.colcon_core.package_discovery:discover_packages(prefix_path) check parameters
[0.371s] Level 1:colcon.colcon_core.package_discovery:discover_packages(prefix_path) discover
[0.372s] DEBUG:colcon.colcon_installed_package_information.package_discovery:Found 275 installed packages in /opt/ros/humble
[0.374s] Level 1:colcon.colcon_core.package_discovery:discover_packages(prefix_path) using defaults
[0.404s] Level 5:colcon.colcon_core.verb:set package 'ninni_robot_arm' build argument 'cmake_args' from command line to 'None'
[0.404s] Level 5:colcon.colcon_core.verb:set package 'ninni_robot_arm' build argument 'cmake_target' from command line to 'None'
[0.405s] Level 5:colcon.colcon_core.verb:set package 'ninni_robot_arm' build argument 'cmake_target_skip_unavailable' from command line to 'False'
[0.405s] Level 5:colcon.colcon_core.verb:set package 'ninni_robot_arm' build argument 'cmake_clean_cache' from command line to 'False'
[0.405s] Level 5:colcon.colcon_core.verb:set package 'ninni_robot_arm' build argument 'cmake_clean_first' from command line to 'False'
[0.406s] Level 5:colcon.colcon_core.verb:set package 'ninni_robot_arm' build argument 'cmake_force_configure' from command line to 'False'
[0.406s] Level 5:colcon.colcon_core.verb:set package 'ninni_robot_arm' build argument 'ament_cmake_args' from command line to 'None'
[0.406s] Level 5:colcon.colcon_core.verb:set package 'ninni_robot_arm' build argument 'catkin_cmake_args' from command line to 'None'
[0.407s] Level 5:colcon.colcon_core.verb:set package 'ninni_robot_arm' build argument 'catkin_skip_building_tests' from command line to 'False'
[0.407s] DEBUG:colcon.colcon_core.verb:Building package 'ninni_robot_arm' with the following arguments: {'ament_cmake_args': None, 'build_base': '/mnt/c/Users/User/Documents/Ninni_Robot_Arm/Ninni_Robor_Arm/build/ninni_robot_arm', 'catkin_cmake_args': None, 'catkin_skip_building_tests': False, 'cmake_args': None, 'cmake_clean_cache': False, 'cmake_clean_first': False, 'cmake_force_configure': False, 'cmake_target': None, 'cmake_target_skip_unavailable': False, 'install_base': '/mnt/c/Users/User/Documents/Ninni_Robot_Arm/Ninni_Robor_Arm/install/ninni_robot_arm', 'merge_install': False, 'path': '/mnt/c/Users/User/Documents/Ninni_Robot_Arm/Ninni_Robor_Arm/ninni_robot_arm', 'symlink_install': False, 'test_result_base': None}
[0.407s] INFO:colcon.colcon_core.executor:Executing jobs using 'parallel' executor
[0.408s] DEBUG:colcon.colcon_parallel_executor.executor.parallel:run_until_complete
[0.409s] INFO:colcon.colcon_ros.task.ament_cmake.build:Building ROS package in '/mnt/c/Users/User/Documents/Ninni_Robot_Arm/Ninni_Robor_Arm/ninni_robot_arm' with build type 'ament_cmake'
[0.409s] INFO:colcon.colcon_cmake.task.cmake.build:Building CMake package in '/mnt/c/Users/User/Documents/Ninni_Robot_Arm/Ninni_Robor_Arm/ninni_robot_arm'
[0.411s] INFO:colcon.colcon_core.plugin_system:Skipping extension 'colcon_core.shell.bat': Not used on non-Windows systems
[0.412s] INFO:colcon.colcon_core.shell:Skip shell extension 'powershell' for command environment: Not usable outside of PowerShell
[0.412s] DEBUG:colcon.colcon_core.shell:Skip shell extension 'dsv' for command environment
[0.459s] DEBUG:colcon.colcon_core.event_handler.log_command:Invoking command in '/mnt/c/Users/User/Documents/Ninni_Robot_Arm/Ninni_Robor_Arm/build/ninni_robot_arm': CMAKE_PREFIX_PATH=/opt/ros/humble /usr/bin/cmake /mnt/c/Users/User/Documents/Ninni_Robot_Arm/Ninni_Robor_Arm/ninni_robot_arm -DCMAKE_INSTALL_PREFIX=/mnt/c/Users/User/Documents/Ninni_Robot_Arm/Ninni_Robor_Arm/install/ninni_robot_arm
[6.945s] DEBUG:colcon.colcon_core.event_handler.log_command:Invoked command in '/mnt/c/Users/User/Documents/Ninni_Robot_Arm/Ninni_Robor_Arm/build/ninni_robot_arm' returned '0': CMAKE_PREFIX_PATH=/opt/ros/humble /usr/bin/cmake /mnt/c/Users/User/Documents/Ninni_Robot_Arm/Ninni_Robor_Arm/ninni_robot_arm -DCMAKE_INSTALL_PREFIX=/mnt/c/Users/User/Documents/Ninni_Robot_Arm/Ninni_Robor_Arm/install/ninni_robot_arm
[6.953s] DEBUG:colcon.colcon_core.event_handler.log_command:Invoking command in '/mnt/c/Users/User/Documents/Ninni_Robot_Arm/Ninni_Robor_Arm/build/ninni_robot_arm': CMAKE_PREFIX_PATH=/opt/ros/humble /usr/bin/cmake --build /mnt/c/Users/User/Documents/Ninni_Robot_Arm/Ninni_Robor_Arm/build/ninni_robot_arm -- -j16 -l16
[11.758s] DEBUG:colcon.colcon_core.event_handler.log_command:Invoked command in '/mnt/c/Users/User/Documents/Ninni_Robot_Arm/Ninni_Robor_Arm/build/ninni_robot_arm' returned '0': CMAKE_PREFIX_PATH=/opt/ros/humble /usr/bin/cmake --build /mnt/c/Users/User/Documents/Ninni_Robot_Arm/Ninni_Robor_Arm/build/ninni_robot_arm -- -j16 -l16
[11.777s] DEBUG:colcon.colcon_core.event_handler.log_command:Invoking command in '/mnt/c/Users/User/Documents/Ninni_Robot_Arm/Ninni_Robor_Arm/build/ninni_robot_arm': CMAKE_PREFIX_PATH=/opt/ros/humble /usr/bin/cmake --install /mnt/c/Users/User/Documents/Ninni_Robot_Arm/Ninni_Robor_Arm/build/ninni_robot_arm
[12.814s] Level 1:colcon.colcon_core.environment:create_environment_scripts_only(ninni_robot_arm)
[12.815s] DEBUG:colcon.colcon_core.event_handler.log_command:Invoked command in '/mnt/c/Users/User/Documents/Ninni_Robot_Arm/Ninni_Robor_Arm/build/ninni_robot_arm' returned '0': CMAKE_PREFIX_PATH=/opt/ros/humble /usr/bin/cmake --install /mnt/c/Users/User/Documents/Ninni_Robot_Arm/Ninni_Robor_Arm/build/ninni_robot_arm
[12.816s] Level 1:colcon.colcon_core.environment:checking '/mnt/c/Users/User/Documents/Ninni_Robot_Arm/Ninni_Robor_Arm/install/ninni_robot_arm' for CMake module files
[12.869s] Level 1:colcon.colcon_core.environment:checking '/mnt/c/Users/User/Documents/Ninni_Robot_Arm/Ninni_Robor_Arm/install/ninni_robot_arm' for CMake config files
[12.903s] Level 1:colcon.colcon_core.shell:create_environment_hook('ninni_robot_arm', 'cmake_prefix_path')
[12.903s] INFO:colcon.colcon_core.shell:Creating environment hook '/mnt/c/Users/User/Documents/Ninni_Robot_Arm/Ninni_Robor_Arm/install/ninni_robot_arm/share/ninni_robot_arm/hook/cmake_prefix_path.ps1'
[12.911s] INFO:colcon.colcon_core.shell:Creating environment descriptor '/mnt/c/Users/User/Documents/Ninni_Robot_Arm/Ninni_Robor_Arm/install/ninni_robot_arm/share/ninni_robot_arm/hook/cmake_prefix_path.dsv'
[12.920s] INFO:colcon.colcon_core.shell:Creating environment hook '/mnt/c/Users/User/Documents/Ninni_Robot_Arm/Ninni_Robor_Arm/install/ninni_robot_arm/share/ninni_robot_arm/hook/cmake_prefix_path.sh'
[12.931s] Level 1:colcon.colcon_core.environment:checking '/mnt/c/Users/User/Documents/Ninni_Robot_Arm/Ninni_Robor_Arm/install/ninni_robot_arm/lib'
[12.934s] Level 1:colcon.colcon_core.environment:checking '/mnt/c/Users/User/Documents/Ninni_Robot_Arm/Ninni_Robor_Arm/install/ninni_robot_arm/bin'
[12.935s] Level 1:colcon.colcon_core.environment:checking '/mnt/c/Users/User/Documents/Ninni_Robot_Arm/Ninni_Robor_Arm/install/ninni_robot_arm/lib/pkgconfig/ninni_robot_arm.pc'
[12.937s] Level 1:colcon.colcon_core.environment:checking '/mnt/c/Users/User/Documents/Ninni_Robot_Arm/Ninni_Robor_Arm/install/ninni_robot_arm/lib/python3.10/site-packages'
[12.939s] Level 1:colcon.colcon_core.environment:checking '/mnt/c/Users/User/Documents/Ninni_Robot_Arm/Ninni_Robor_Arm/install/ninni_robot_arm/bin'
[12.940s] INFO:colcon.colcon_core.shell:Creating package script '/mnt/c/Users/User/Documents/Ninni_Robot_Arm/Ninni_Robor_Arm/install/ninni_robot_arm/share/ninni_robot_arm/package.ps1'
[12.950s] INFO:colcon.colcon_core.shell:Creating package descriptor '/mnt/c/Users/User/Documents/Ninni_Robot_Arm/Ninni_Robor_Arm/install/ninni_robot_arm/share/ninni_robot_arm/package.dsv'
[12.958s] INFO:colcon.colcon_core.shell:Creating package script '/mnt/c/Users/User/Documents/Ninni_Robot_Arm/Ninni_Robor_Arm/install/ninni_robot_arm/share/ninni_robot_arm/package.sh'
[12.967s] INFO:colcon.colcon_core.shell:Creating package script '/mnt/c/Users/User/Documents/Ninni_Robot_Arm/Ninni_Robor_Arm/install/ninni_robot_arm/share/ninni_robot_arm/package.bash'
[12.975s] INFO:colcon.colcon_core.shell:Creating package script '/mnt/c/Users/User/Documents/Ninni_Robot_Arm/Ninni_Robor_Arm/install/ninni_robot_arm/share/ninni_robot_arm/package.zsh'
[12.983s] Level 1:colcon.colcon_core.environment:create_file_with_runtime_dependencies(/mnt/c/Users/User/Documents/Ninni_Robot_Arm/Ninni_Robor_Arm/install/ninni_robot_arm/share/colcon-core/packages/ninni_robot_arm)
[13.001s] Level 1:colcon.colcon_core.environment:create_environment_scripts_only(ninni_robot_arm)
[13.002s] Level 1:colcon.colcon_core.environment:checking '/mnt/c/Users/User/Documents/Ninni_Robot_Arm/Ninni_Robor_Arm/install/ninni_robot_arm' for CMake module files
[13.057s] Level 1:colcon.colcon_core.environment:checking '/mnt/c/Users/User/Documents/Ninni_Robot_Arm/Ninni_Robor_Arm/install/ninni_robot_arm' for CMake config files
[13.097s] Level 1:colcon.colcon_core.shell:create_environment_hook('ninni_robot_arm', 'cmake_prefix_path')
[13.098s] INFO:colcon.colcon_core.shell:Creating environment hook '/mnt/c/Users/User/Documents/Ninni_Robot_Arm/Ninni_Robor_Arm/install/ninni_robot_arm/share/ninni_robot_arm/hook/cmake_prefix_path.ps1'
[13.106s] INFO:colcon.colcon_core.shell:Creating environment descriptor '/mnt/c/Users/User/Documents/Ninni_Robot_Arm/Ninni_Robor_Arm/install/ninni_robot_arm/share/ninni_robot_arm/hook/cmake_prefix_path.dsv'
[13.115s] INFO:colcon.colcon_core.shell:Creating environment hook '/mnt/c/Users/User/Documents/Ninni_Robot_Arm/Ninni_Robor_Arm/install/ninni_robot_arm/share/ninni_robot_arm/hook/cmake_prefix_path.sh'
[13.126s] Level 1:colcon.colcon_core.environment:checking '/mnt/c/Users/User/Documents/Ninni_Robot_Arm/Ninni_Robor_Arm/install/ninni_robot_arm/lib'
[13.129s] Level 1:colcon.colcon_core.environment:checking '/mnt/c/Users/User/Documents/Ninni_Robot_Arm/Ninni_Robor_Arm/install/ninni_robot_arm/bin'
[13.130s] Level 1:colcon.colcon_core.environment:checking '/mnt/c/Users/User/Documents/Ninni_Robot_Arm/Ninni_Robor_Arm/install/ninni_robot_arm/lib/pkgconfig/ninni_robot_arm.pc'
[13.131s] Level 1:colcon.colcon_core.environment:checking '/mnt/c/Users/User/Documents/Ninni_Robot_Arm/Ninni_Robor_Arm/install/ninni_robot_arm/lib/python3.10/site-packages'
[13.132s] Level 1:colcon.colcon_core.environment:checking '/mnt/c/Users/User/Documents/Ninni_Robot_Arm/Ninni_Robor_Arm/install/ninni_robot_arm/bin'
[13.133s] INFO:colcon.colcon_core.shell:Creating package script '/mnt/c/Users/User/Documents/Ninni_Robot_Arm/Ninni_Robor_Arm/install/ninni_robot_arm/share/ninni_robot_arm/package.ps1'
[13.141s] INFO:colcon.colcon_core.shell:Creating package descriptor '/mnt/c/Users/User/Documents/Ninni_Robot_Arm/Ninni_Robor_Arm/install/ninni_robot_arm/share/ninni_robot_arm/package.dsv'
[13.148s] INFO:colcon.colcon_core.shell:Creating package script '/mnt/c/Users/User/Documents/Ninni_Robot_Arm/Ninni_Robor_Arm/install/ninni_robot_arm/share/ninni_robot_arm/package.sh'
[13.156s] INFO:colcon.colcon_core.shell:Creating package script '/mnt/c/Users/User/Documents/Ninni_Robot_Arm/Ninni_Robor_Arm/install/ninni_robot_arm/share/ninni_robot_arm/package.bash'
[13.164s] INFO:colcon.colcon_core.shell:Creating package script '/mnt/c/Users/User/Documents/Ninni_Robot_Arm/Ninni_Robor_Arm/install/ninni_robot_arm/share/ninni_robot_arm/package.zsh'
[13.177s] Level 1:colcon.colcon_core.environment:create_file_with_runtime_dependencies(/mnt/c/Users/User/Documents/Ninni_Robot_Arm/Ninni_Robor_Arm/install/ninni_robot_arm/share/colcon-core/packages/ninni_robot_arm)
[13.183s] DEBUG:colcon.colcon_parallel_executor.executor.parallel:closing loop
[13.184s] DEBUG:colcon.colcon_parallel_executor.executor.parallel:loop closed
[13.184s] DEBUG:colcon.colcon_parallel_executor.executor.parallel:run_until_complete finished with '0'
[13.185s] DEBUG:colcon.colcon_core.event_reactor:joining thread
[13.214s] INFO:colcon.colcon_core.plugin_system:Skipping extension 'colcon_notification.desktop_notification.notify_send': Could not find 'notify-send'
[13.215s] INFO:colcon.colcon_core.plugin_system:Skipping extension 'colcon_notification.desktop_notification.terminal_notifier': Not used on non-Darwin systems
[13.215s] INFO:colcon.colcon_core.plugin_system:Skipping extension 'colcon_notification.desktop_notification.win32': Not used on non-Windows systems
[13.215s] INFO:colcon.colcon_notification.desktop_notification:Sending desktop notification using 'notify2'
[13.216s] DEBUG:colcon.colcon_notification.desktop_notification.notify2:Failed to initialize notify2: org.freedesktop.DBus.Error.FileNotFound: Failed to connect to socket /run/user/1000/bus: No such file or directory
[13.216s] DEBUG:colcon.colcon_core.event_reactor:joined thread
[13.217s] INFO:colcon.colcon_core.shell:Creating prefix script '/mnt/c/Users/User/Documents/Ninni_Robot_Arm/Ninni_Robor_Arm/install/local_setup.ps1'
[13.221s] INFO:colcon.colcon_core.shell:Creating prefix util module '/mnt/c/Users/User/Documents/Ninni_Robot_Arm/Ninni_Robor_Arm/install/_local_setup_util_ps1.py'
[13.225s] INFO:colcon.colcon_core.shell:Creating prefix chain script '/mnt/c/Users/User/Documents/Ninni_Robot_Arm/Ninni_Robor_Arm/install/setup.ps1'
[13.229s] INFO:colcon.colcon_core.shell:Creating prefix script '/mnt/c/Users/User/Documents/Ninni_Robot_Arm/Ninni_Robor_Arm/install/local_setup.sh'
[13.234s] INFO:colcon.colcon_core.shell:Creating prefix util module '/mnt/c/Users/User/Documents/Ninni_Robot_Arm/Ninni_Robor_Arm/install/_local_setup_util_sh.py'
[13.240s] INFO:colcon.colcon_core.shell:Creating prefix chain script '/mnt/c/Users/User/Documents/Ninni_Robot_Arm/Ninni_Robor_Arm/install/setup.sh'
[13.246s] INFO:colcon.colcon_core.shell:Creating prefix script '/mnt/c/Users/User/Documents/Ninni_Robot_Arm/Ninni_Robor_Arm/install/local_setup.bash'
[13.250s] INFO:colcon.colcon_core.shell:Creating prefix chain script '/mnt/c/Users/User/Documents/Ninni_Robot_Arm/Ninni_Robor_Arm/install/setup.bash'
[13.254s] INFO:colcon.colcon_core.shell:Creating prefix script '/mnt/c/Users/User/Documents/Ninni_Robot_Arm/Ninni_Robor_Arm/install/local_setup.zsh'
[13.259s] INFO:colcon.colcon_core.shell:Creating prefix chain script '/mnt/c/Users/User/Documents/Ninni_Robot_Arm/Ninni_Robor_Arm/install/setup.zsh'
